
> cold-outreach-backend@1.0.0 start
> node dist/index.js

node:internal/modules/cjs/loader:1408
  throw err;
  ^

Error: Cannot find module '@/utils/apiResponse'
Require stack:
- /Users/apple/Documents/Cold outreach 2/cold-outreach-backend/dist/routes/index.js
- /Users/apple/Documents/Cold outreach 2/cold-outreach-backend/dist/index.js
    at Module._resolveFilename (node:internal/modules/cjs/loader:1405:15)
    at defaultResolveImpl (node:internal/modules/cjs/loader:1061:19)
    at resolveForCJSWithHooks (node:internal/modules/cjs/loader:1066:22)
    at Module._load (node:internal/modules/cjs/loader:1215:37)
    at TracingChannel.traceSync (node:diagnostics_channel:322:14)
    at wrapModuleLoad (node:internal/modules/cjs/loader:235:24)
    at Module.require (node:internal/modules/cjs/loader:1491:12)
    at require (node:internal/modules/helpers:135:16)
    at Object.<anonymous> (/Users/apple/Documents/Cold outreach 2/cold-outreach-backend/dist/routes/index.js:7:23)
    at Module._compile (node:internal/modules/cjs/loader:1734:14) {
  code: 'MODULE_NOT_FOUND',
  requireStack: [
    '/Users/apple/Documents/Cold outreach 2/cold-outreach-backend/dist/routes/index.js',
    '/Users/apple/Documents/Cold outreach 2/cold-outreach-backend/dist/index.js'
  ]
}

Node.js v24.2.0
